<?xml version="1.0" encoding="UTF-8"?>
<!-- Generated by org.testng.reporters.JUnitReportReporter -->
<testsuite hostname="LP00019" failures="0" tests="1" name="MyRunner.TestRunner" time="359.377" errors="0" timestamp="2021-05-22T21:25:18 IST" skipped="0">
  <testcase classname="MyRunner.TestRunner" name="feature" time="359.377"/>
  <system-out>
    <![CDATA[Chrome browser launched Successfully!
Application has been launched successfully!
Manual Entry Paayment option selected!
Date of Visit seleted!
Reference Number entered successfully!
First Name entered successfully!
Last Name entered successfully!
Phone/Email entered successfully!
Amount entered successfully!
Submit button hit successfully
Card Number entered successfully!4012002000060016
EXP Month entered successfully!03
EXP Year entered successfully!2022
Chrome browser launched Successfully!
Application has been launched successfully!
Manual Entry Paayment option selected!
Date of Visit seleted!
Reference Number entered successfully!
First Name entered successfully!
Last Name entered successfully!
Phone/Email entered successfully!
Amount entered successfully!
Submit button hit successfully
Card Number entered successfully!4012002000060016
EXP Month entered successfully!03
EXP Year entered successfully!2022
Chrome browser launched Successfully!
Application has been launched successfully!
Manual Entry Paayment option selected!
Date of Visit seleted!
Reference Number entered successfully!
First Name entered successfully!
Last Name entered successfully!
Phone/Email entered successfully!
Amount entered successfully!
Submit button hit successfully
Card Number entered successfully!4012002000060016
EXP Month entered successfully!03
EXP Year entered successfully!2022
Chrome browser launched Successfully!
Application has been launched successfully!
Manual Entry Paayment option selected!
Date of Visit seleted!
Reference Number entered successfully!
First Name entered successfully!
Last Name entered successfully!
Phone/Email entered successfully!
Amount entered successfully!
Submit button hit successfully
Card Number entered successfully!4012002000060016
EXP Month entered successfully!03
EXP Year entered successfully!2022
Chrome browser launched Successfully!
Application has been launched successfully!
Manual Entry Paayment option selected!
Date of Visit seleted!
Reference Number entered successfully!
First Name entered successfully!
Last Name entered successfully!
Phone/Email entered successfully!
Amount entered successfully!
Submit button hit successfully
Card Number entered successfully!4012002000060016
EXP Month entered successfully!03
EXP Year entered successfully!2022
Chrome browser launched Successfully!
Application has been launched successfully!]]>
  </system-out>
</testsuite> <!-- MyRunner.TestRunner -->
