<?xml version="1.0" encoding="UTF-8"?>
<!-- Generated by org.testng.reporters.JUnitReportReporter -->
<testsuite hostname="LP00019" failures="0" tests="2" name="MyRunner.TestRunner" time="0.155" errors="0" timestamp="2021-05-29T09:47:14 IST" skipped="0">
  <testcase classname="MyRunner.TestRunner" name="feature" time="0.126"/>
  <system-out/>
  <testcase classname="MyRunner.TestRunner" name="feature" time="0.029"/>
  <system-out/>
</testsuite> <!-- MyRunner.TestRunner -->
